auth/build/outputs/logs/manifest-merger-debug-report.txt
-- Merging decision tree log ---
manifest
ADDED from src\main\AndroidManifest.xml:2:1-93:12
INJECTED from src\main\AndroidManifest.xml:2:1-93:12
INJECTED from src\main\AndroidManifest.xml:2:1-93:12
INJECTED from src\main\AndroidManifest.xml:2:1-93:12
INJECTED from src\main\AndroidManifest.xml:2:1-93:12
INJECTED from src\main\AndroidManifest.xml:2:1-93:12
INJECTED from src\main\AndroidManifest.xml:2:1-93:12
	package
		ADDED from src\main\AndroidManifest.xml:5:5-35
		INJECTED from src\main\AndroidManifest.xml
		INJECTED from src\main\AndroidManifest.xml
	android:versionName
		INJECTED from src\main\AndroidManifest.xml
		ADDED from src\main\AndroidManifest.xml:2:1-93:12
		INJECTED from src\main\AndroidManifest.xml
	xmlns:tools
		ADDED from src\main\AndroidManifest.xml:4:5-51
	android:versionCode
		INJECTED from src\main\AndroidManifest.xml
		ADDED from src\main\AndroidManifest.xml:2:1-93:12
		INJECTED from src\main\AndroidManifest.xml
	xmlns:android
		ADDED from src\main\AndroidManifest.xml:3:5-63
uses-permission#android.permission.ACCESS_NETWORK_STATE
ADDED from src\main\AndroidManifest.xml:7:5-79
	android:name
		ADDED from src\main\AndroidManifest.xml:7:22-76
uses-permission#android.permission.INTERNET
ADDED from src\main\AndroidManifest.xml:8:5-67
	android:name
		ADDED from src\main\AndroidManifest.xml:8:22-64
application
ADDED from src\main\AndroidManifest.xml:10:5-91:19
meta-data#com.google.android.gms.version
ADDED from src\main\AndroidManifest.xml:12:9-14:69
	android:value
		ADDED from src\main\AndroidManifest.xml:14:13-66
	android:name
		ADDED from src\main\AndroidManifest.xml:13:13-58
meta-data#com.facebook.sdk.ApplicationId
ADDED from src\main\AndroidManifest.xml:16:9-18:63
	android:value
		ADDED from src\main\AndroidManifest.xml:18:13-60
	android:name
		ADDED from src\main\AndroidManifest.xml:17:13-58
activity#com.firebase.ui.auth.KickoffActivity
ADDED from src\main\AndroidManifest.xml:20:9-24:61
	android:label
		ADDED from src\main\AndroidManifest.xml:22:13-29
	android:exported
		ADDED from src\main\AndroidManifest.xml:23:13-37
	android:theme
		ADDED from src\main\AndroidManifest.xml:24:13-58
	android:name
		ADDED from src\main\AndroidManifest.xml:21:13-44
activity#com.firebase.ui.auth.ui.email.RecoverPasswordActivity
ADDED from src\main\AndroidManifest.xml:26:9-29:40
	android:label
		ADDED from src\main\AndroidManifest.xml:28:13-72
	android:exported
		ADDED from src\main\AndroidManifest.xml:29:13-37
	android:name
		ADDED from src\main\AndroidManifest.xml:27:13-61
activity#com.firebase.ui.auth.ui.email.EmailActivity
ADDED from src\main\AndroidManifest.xml:31:9-35:58
	android:label
		ADDED from src\main\AndroidManifest.xml:33:13-56
	android:windowSoftInputMode
		ADDED from src\main\AndroidManifest.xml:35:13-55
	android:exported
		ADDED from src\main\AndroidManifest.xml:34:13-37
	android:name
		ADDED from src\main\AndroidManifest.xml:32:13-51
activity#com.firebase.ui.auth.ui.phone.PhoneActivity
ADDED from src\main\AndroidManifest.xml:37:9-41:77
	android:label
		ADDED from src\main\AndroidManifest.xml:39:13-66
	android:windowSoftInputMode
		ADDED from src\main\AndroidManifest.xml:41:13-74
	android:exported
		ADDED from src\main\AndroidManifest.xml:40:13-37
	android:name
		ADDED from src\main\AndroidManifest.xml:38:13-51
activity#com.firebase.ui.auth.ui.idp.WelcomeBackIdpPrompt
ADDED from src\main\AndroidManifest.xml:43:9-46:40
	android:label
		ADDED from src\main\AndroidManifest.xml:45:13-70
	android:exported
		ADDED from src\main\AndroidManifest.xml:46:13-37
	android:name
		ADDED from src\main\AndroidManifest.xml:44:13-56
activity#com.firebase.ui.auth.ui.email.WelcomeBackPasswordPrompt
ADDED from src\main\AndroidManifest.xml:48:9-52:58
	android:label
		ADDED from src\main\AndroidManifest.xml:50:13-75
	android:windowSoftInputMode
		ADDED from src\main\AndroidManifest.xml:52:13-55
	android:exported
		ADDED from src\main\AndroidManifest.xml:51:13-37
	android:name
		ADDED from src\main\AndroidManifest.xml:49:13-63
activity#com.firebase.ui.auth.ui.idp.AuthMethodPickerActivity
ADDED from src\main\AndroidManifest.xml:54:9-57:40
	android:label
		ADDED from src\main\AndroidManifest.xml:56:13-62
	android:exported
		ADDED from src\main\AndroidManifest.xml:57:13-37
	android:name
		ADDED from src\main\AndroidManifest.xml:55:13-60
activity#com.facebook.FacebookActivity
ADDED from src\main\AndroidManifest.xml:59:9-63:48
	android:label
		ADDED from src\main\AndroidManifest.xml:61:13-45
	tools:ignore
		ADDED from src\main\AndroidManifest.xml:63:13-45
	android:configChanges
		ADDED from src\main\AndroidManifest.xml:62:13-96
	android:name
		ADDED from src\main\AndroidManifest.xml:60:13-57
activity#com.firebase.ui.auth.ui.credentials.CredentialSaveActivity
ADDED from src\main\AndroidManifest.xml:65:9-69:61
	android:label
		ADDED from src\main\AndroidManifest.xml:67:13-29
	android:exported
		ADDED from src\main\AndroidManifest.xml:68:13-37
	android:theme
		ADDED from src\main\AndroidManifest.xml:69:13-58
	android:name
		ADDED from src\main\AndroidManifest.xml:66:13-66
activity#com.facebook.CustomTabActivity
ADDED from src\main\AndroidManifest.xml:71:9-83:20
	android:exported
		ADDED from src\main\AndroidManifest.xml:73:13-36
	tools:ignore
		ADDED from src\main\AndroidManifest.xml:74:13-45
	android:name
		ADDED from src\main\AndroidManifest.xml:72:13-58
intent-filter#action:name:android.intent.action.VIEW+category:name:android.intent.category.BROWSABLE+category:name:android.intent.category.DEFAULT+data:scheme:@string/facebook_login_protocol_scheme
ADDED from src\main\AndroidManifest.xml:75:13-82:29
action#android.intent.action.VIEW
ADDED from src\main\AndroidManifest.xml:76:17-69
	android:name
		ADDED from src\main\AndroidManifest.xml:76:25-66
category#android.intent.category.DEFAULT
ADDED from src\main\AndroidManifest.xml:78:17-76
	android:name
		ADDED from src\main\AndroidManifest.xml:78:27-73
category#android.intent.category.BROWSABLE
ADDED from src\main\AndroidManifest.xml:79:17-78
	android:name
		ADDED from src\main\AndroidManifest.xml:79:27-75
data
ADDED from src\main\AndroidManifest.xml:81:17-81
	android:scheme
		ADDED from src\main\AndroidManifest.xml:81:23-78
provider#com.firebase.ui.auth.data.client.AuthUiInitProvider
ADDED from src\main\AndroidManifest.xml:85:9-89:38
	android:authorities
		ADDED from src\main\AndroidManifest.xml:87:13-70
	android:exported
		ADDED from src\main\AndroidManifest.xml:88:13-37
	android:initOrder
		ADDED from src\main\AndroidManifest.xml:89:13-35
	android:name
		ADDED from src\main\AndroidManifest.xml:86:13-59
uses-sdk
INJECTED from src\main\AndroidManifest.xml reason: use-sdk injection requested
INJECTED from src\main\AndroidManifest.xml
INJECTED from src\main\AndroidManifest.xml
INJECTED from src\main\AndroidManifest.xml
INJECTED from src\main\AndroidManifest.xml
	android:targetSdkVersion
		INJECTED from src\main\AndroidManifest.xml
		ADDED from src\main\AndroidManifest.xml
		INJECTED from src\main\AndroidManifest.xml
	android:minSdkVersion
		INJECTED from src\main\AndroidManifest.xml
		ADDED from src\main\AndroidManifest.xml
		INJECTED from src\main\AndroidManifest.xml